DEBUG   |180913 00:16:30|Fetching filter data from database
DEBUG   |180913 00:16:30|Loading filters
DEBUG   |180913 00:16:30|-- Loading filter Regexskipfiles
DEBUG   |180913 00:16:30|-- Loading filter Tabledata
DEBUG   |180913 00:16:30|-- Loading filter Regextabledata
DEBUG   |180913 00:16:30|-- Loading filter Multidb
DEBUG   |180913 00:16:30|-- Loading filter Files
DEBUG   |180913 00:16:30|-- Loading filter Extradirs
DEBUG   |180913 00:16:30|-- Loading filter Tables
DEBUG   |180913 00:16:30|-- Loading filter Directories
DEBUG   |180913 00:16:30|-- Loading filter Regextables
DEBUG   |180913 00:16:30|-- Loading filter Regexfiles
DEBUG   |180913 00:16:30|-- Loading filter Skipfiles
DEBUG   |180913 00:16:30|-- Loading filter Regexdirectories
DEBUG   |180913 00:16:30|-- Loading filter Incremental
DEBUG   |180913 00:16:30|-- Loading filter Skipdirs
DEBUG   |180913 00:16:30|-- Loading filter Regexskipdirs
DEBUG   |180913 00:16:30|-- Loading filter Joomlaskipfiles
DEBUG   |180913 00:16:30|-- Loading filter Excludefiles
DEBUG   |180913 00:16:30|-- Loading filter Systemcachefiles
DEBUG   |180913 00:16:30|-- Loading filter Sitedb
DEBUG   |180913 00:16:30|-- Loading filter Libraries
DEBUG   |180913 00:16:30|-- Loading filter Excludetabledata
DEBUG   |180913 00:16:30|-- Loading filter Joomlaskipdirs
DEBUG   |180913 00:16:30|-- Loading filter Siteroot
DEBUG   |180913 00:16:30|-- Loading filter Excludefolders
DEBUG   |180913 00:16:30|-- Loading filter Cvsfolders
DEBUG   |180913 00:16:30|Loading optional filters
DEBUG   |180913 00:16:30|-- Loading optional filter Stack\StackErrorlogs
DEBUG   |180913 00:16:30|-- Loading optional filter Stack\StackHoststats
DEBUG   |180913 00:16:30|-- Loading optional filter Stack\StackFinder
DEBUG   |180913 00:16:30|-- Loading optional filter Stack\StackMyjoomla
